<?xml version="1.0" encoding="UTF-8"?>
<!-- Generated by org.testng.reporters.JUnitReportReporter -->
<testsuite name="test.HomePageTest" tests="1" time="3.099" ignored="0" failures="0" timestamp="08 Jun 2018 06:20:25 GMT" skipped="0" hostname="DESKTOP-R818QC7" errors="0">
  <testcase name="verifyPageTitle" time="3.099" classname="test.HomePageTest"/>
</testsuite> <!-- test.HomePageTest -->
